<?xml version="1.0" encoding="UTF-8"?>
<testng-results skipped="0" failed="0" ignored="0" total="3" passed="3">
  <reporter-output>
  </reporter-output>
  <suite name="Suite" duration-ms="4890" started-at="2021-12-25T12:15:05Z" finished-at="2021-12-25T12:15:10Z">
    <groups>
    </groups>
    <test name="Test" duration-ms="4890" started-at="2021-12-25T12:15:05Z" finished-at="2021-12-25T12:15:10Z">
      <class name="pkg01.TC003Get">
        <test-method status="PASS" signature="getUserDetails()[pri:0, instance:pkg01.TC003Get@cb5822]" name="getUserDetails" duration-ms="248" started-at="2021-12-25T12:15:10Z" finished-at="2021-12-25T12:15:10Z">
          <reporter-output>
          </reporter-output>
        </test-method> <!-- getUserDetails -->
      </class> <!-- pkg01.TC003Get -->
      <class name="pkg01.TC002Post">
        <test-method status="PASS" signature="postUserDetails()[pri:0, instance:pkg01.TC002Post@cc285f4]" name="postUserDetails" duration-ms="4320" started-at="2021-12-25T12:15:05Z" finished-at="2021-12-25T12:15:09Z">
          <reporter-output>
          </reporter-output>
        </test-method> <!-- postUserDetails -->
      </class> <!-- pkg01.TC002Post -->
      <class name="pkg01.TC001Get">
        <test-method status="PASS" signature="getUserDetails()[pri:0, instance:pkg01.TC001Get@18be83e4]" name="getUserDetails" duration-ms="269" started-at="2021-12-25T12:15:09Z" finished-at="2021-12-25T12:15:10Z">
          <reporter-output>
          </reporter-output>
        </test-method> <!-- getUserDetails -->
      </class> <!-- pkg01.TC001Get -->
    </test> <!-- Test -->
  </suite> <!-- Suite -->
</testng-results>
