<?xml version="1.0" encoding="UTF-8"?>
<!-- Generated by org.testng.reporters.JUnitXMLReporter -->
<testsuite hostname="Devops" ignored="0" name="Test" tests="4" failures="0" timestamp="26 Dec 2021 02:11:23 GMT" time="5.667" errors="0">
  <testcase name="postUserDetails" time="4.809" classname="pkg01.TC002Post"/>
  <testcase name="getUserDetails" time="0.265" classname="pkg01.TC001Get"/>
  <testcase name="getUserDetails" time="0.298" classname="pkg01.TC003Get"/>
  <testcase name="getHeadersDetails" time="0.249" classname="pkg01.TC004GetHeaders"/>
</testsuite> <!-- Test -->
