<?xml version="1.0" encoding="UTF-8"?>
<testng-results skipped="0" failed="0" ignored="0" total="3" passed="3">
  <reporter-output>
  </reporter-output>
  <suite name="Suite" duration-ms="4499" started-at="2021-12-25T12:36:43Z" finished-at="2021-12-25T12:36:47Z">
    <groups>
    </groups>
    <test name="Test" duration-ms="4499" started-at="2021-12-25T12:36:43Z" finished-at="2021-12-25T12:36:47Z">
      <class name="pkg01.TC003Get">
        <test-method status="PASS" signature="getUserDetails()[pri:0, instance:pkg01.TC003Get@71be98f5]" name="getUserDetails" duration-ms="224" started-at="2021-12-25T12:36:47Z" finished-at="2021-12-25T12:36:47Z">
          <reporter-output>
          </reporter-output>
        </test-method> <!-- getUserDetails -->
      </class> <!-- pkg01.TC003Get -->
      <class name="pkg01.TC002Post">
        <test-method status="PASS" signature="postUserDetails()[pri:0, instance:pkg01.TC002Post@59a6e353]" name="postUserDetails" duration-ms="3984" started-at="2021-12-25T12:36:43Z" finished-at="2021-12-25T12:36:47Z">
          <reporter-output>
          </reporter-output>
        </test-method> <!-- postUserDetails -->
      </class> <!-- pkg01.TC002Post -->
      <class name="pkg01.TC001Get">
        <test-method status="PASS" signature="getUserDetails()[pri:0, instance:pkg01.TC001Get@7a0ac6e3]" name="getUserDetails" duration-ms="256" started-at="2021-12-25T12:36:47Z" finished-at="2021-12-25T12:36:47Z">
          <reporter-output>
          </reporter-output>
        </test-method> <!-- getUserDetails -->
      </class> <!-- pkg01.TC001Get -->
    </test> <!-- Test -->
  </suite> <!-- Suite -->
</testng-results>
