<?xml version="1.0" encoding="UTF-8"?>
<!-- Generated by org.testng.reporters.JUnitXMLReporter -->
<testsuite hostname="Devops" ignored="0" name="Default test" tests="4" failures="0" timestamp="26 Dec 2021 04:25:05 GMT" time="8.278" errors="0">
  <testcase name="DataDrivenTests" time="3.741" classname="pkg02.TC008DataDriven"/>
  <testcase name="DataDrivenTests" time="1.184" classname="pkg02.TC008DataDriven"/>
  <testcase name="DataDrivenTests" time="1.102" classname="pkg02.TC008DataDriven"/>
  <testcase name="DataDrivenTests" time="2.186" classname="pkg02.TC008DataDriven"/>
</testsuite> <!-- Default test -->
